<?xml version="1.0" encoding="UTF-8"?>
<testsuite name="co.ceiba.parqueadero.ParqueaderoApplicationTests" tests="1" skipped="0" failures="0" errors="0" timestamp="2018-01-22T13:02:54" hostname="DANIEL-CORREA" time="0.003">
  <properties/>
  <testcase name="contextLoads" classname="co.ceiba.parqueadero.ParqueaderoApplicationTests" time="0.003"/>
  <system-out><![CDATA[2018-01-22 08:02:54.402  INFO 18140 --- [    Test worker] .b.t.c.SpringBootTestContextBootstrapper : Neither @ContextConfiguration nor @ContextHierarchy found for test class [co.ceiba.parqueadero.ParqueaderoApplicationTests], using SpringBootContextLoader
2018-01-22 08:02:54.403  INFO 18140 --- [    Test worker] o.s.t.c.support.AbstractContextLoader    : Could not detect default resource locations for test class [co.ceiba.parqueadero.ParqueaderoApplicationTests]: no resource found for suffixes {-context.xml, Context.groovy}.
2018-01-22 08:02:54.403  INFO 18140 --- [    Test worker] t.c.s.AnnotationConfigContextLoaderUtils : Could not detect default configuration classes for test class [co.ceiba.parqueadero.ParqueaderoApplicationTests]: ParqueaderoApplicationTests does not declare any static, non-private, non-final, nested classes annotated with @Configuration.
2018-01-22 08:02:54.415  INFO 18140 --- [    Test worker] .b.t.c.SpringBootTestContextBootstrapper : Found @SpringBootConfiguration co.ceiba.parqueadero.ParqueaderoApplication for test class co.ceiba.parqueadero.ParqueaderoApplicationTests
2018-01-22 08:02:54.419  INFO 18140 --- [    Test worker] .b.t.c.SpringBootTestContextBootstrapper : Loaded default TestExecutionListener class names from location [META-INF/spring.factories]: [org.springframework.boot.test.mock.mockito.MockitoTestExecutionListener, org.springframework.boot.test.mock.mockito.ResetMocksTestExecutionListener, org.springframework.boot.test.autoconfigure.restdocs.RestDocsTestExecutionListener, org.springframework.boot.test.autoconfigure.web.client.MockRestServiceServerResetTestExecutionListener, org.springframework.boot.test.autoconfigure.web.servlet.MockMvcPrintOnlyOnFailureTestExecutionListener, org.springframework.boot.test.autoconfigure.web.servlet.WebDriverTestExecutionListener, org.springframework.test.context.web.ServletTestExecutionListener, org.springframework.test.context.support.DirtiesContextBeforeModesTestExecutionListener, org.springframework.test.context.support.DependencyInjectionTestExecutionListener, org.springframework.test.context.support.DirtiesContextTestExecutionListener, org.springframework.test.context.transaction.TransactionalTestExecutionListener, org.springframework.test.context.jdbc.SqlScriptsTestExecutionListener]
2018-01-22 08:02:54.423  INFO 18140 --- [    Test worker] .b.t.c.SpringBootTestContextBootstrapper : Using TestExecutionListeners: [org.springframework.test.context.web.ServletTestExecutionListener@4cc460d0, org.springframework.test.context.support.DirtiesContextBeforeModesTestExecutionListener@5a6c8403, org.springframework.boot.test.autoconfigure.SpringBootDependencyInjectionTestExecutionListener@7fcb3e4d, org.springframework.test.context.support.DirtiesContextTestExecutionListener@7f979640, org.springframework.test.context.transaction.TransactionalTestExecutionListener@10baab82, org.springframework.test.context.jdbc.SqlScriptsTestExecutionListener@2e48790a, org.springframework.boot.test.autoconfigure.restdocs.RestDocsTestExecutionListener@8d703d8, org.springframework.boot.test.autoconfigure.web.client.MockRestServiceServerResetTestExecutionListener@4bb1b114, org.springframework.boot.test.autoconfigure.web.servlet.MockMvcPrintOnlyOnFailureTestExecutionListener@e92e55b, org.springframework.boot.test.mock.mockito.ResetMocksTestExecutionListener@63ff5daa, org.springframework.boot.test.mock.mockito.MockitoTestExecutionListener@53865bce, org.springframework.boot.test.autoconfigure.web.servlet.WebDriverTestExecutionListener@157969bb]
]]></system-out>
  <system-err><![CDATA[]]></system-err>
</testsuite>
