<?xml version="1.0" encoding="UTF-8"?>
<testsuite name="co.ceiba.parqueadero.repository.VehiculoRepositoryImplTest" tests="5" skipped="0" failures="0" errors="0" timestamp="2018-01-10T18:49:17" hostname="DANIEL-CORREA" time="0.07">
  <properties/>
  <testcase name="test1ObtenerTodos" classname="co.ceiba.parqueadero.repository.VehiculoRepositoryImplTest" time="0.017"/>
  <testcase name="test2InsertarCarro" classname="co.ceiba.parqueadero.repository.VehiculoRepositoryImplTest" time="0.009"/>
  <testcase name="test3InsertarMoto" classname="co.ceiba.parqueadero.repository.VehiculoRepositoryImplTest" time="0.013"/>
  <testcase name="test4EliminarMoto" classname="co.ceiba.parqueadero.repository.VehiculoRepositoryImplTest" time="0.015"/>
  <testcase name="test5EliminarCarro" classname="co.ceiba.parqueadero.repository.VehiculoRepositoryImplTest" time="0.012"/>
  <system-out><![CDATA[2018-01-10 13:49:17.814  INFO 4312 --- [    Test worker] .b.t.c.SpringBootTestContextBootstrapper : Neither @ContextConfiguration nor @ContextHierarchy found for test class [co.ceiba.parqueadero.repository.VehiculoRepositoryImplTest], using SpringBootContextLoader
2018-01-10 13:49:17.816  INFO 4312 --- [    Test worker] o.s.t.c.support.AbstractContextLoader    : Could not detect default resource locations for test class [co.ceiba.parqueadero.repository.VehiculoRepositoryImplTest]: no resource found for suffixes {-context.xml, Context.groovy}.
2018-01-10 13:49:17.816  INFO 4312 --- [    Test worker] t.c.s.AnnotationConfigContextLoaderUtils : Could not detect default configuration classes for test class [co.ceiba.parqueadero.repository.VehiculoRepositoryImplTest]: VehiculoRepositoryImplTest does not declare any static, non-private, non-final, nested classes annotated with @Configuration.
2018-01-10 13:49:17.823  INFO 4312 --- [    Test worker] .b.t.c.SpringBootTestContextBootstrapper : Found @SpringBootConfiguration co.ceiba.parqueadero.ParqueaderoApplication for test class co.ceiba.parqueadero.repository.VehiculoRepositoryImplTest
2018-01-10 13:49:17.827  INFO 4312 --- [    Test worker] .b.t.c.SpringBootTestContextBootstrapper : Loaded default TestExecutionListener class names from location [META-INF/spring.factories]: [org.springframework.boot.test.mock.mockito.MockitoTestExecutionListener, org.springframework.boot.test.mock.mockito.ResetMocksTestExecutionListener, org.springframework.boot.test.autoconfigure.restdocs.RestDocsTestExecutionListener, org.springframework.boot.test.autoconfigure.web.client.MockRestServiceServerResetTestExecutionListener, org.springframework.boot.test.autoconfigure.web.servlet.MockMvcPrintOnlyOnFailureTestExecutionListener, org.springframework.boot.test.autoconfigure.web.servlet.WebDriverTestExecutionListener, org.springframework.test.context.web.ServletTestExecutionListener, org.springframework.test.context.support.DirtiesContextBeforeModesTestExecutionListener, org.springframework.test.context.support.DependencyInjectionTestExecutionListener, org.springframework.test.context.support.DirtiesContextTestExecutionListener, org.springframework.test.context.transaction.TransactionalTestExecutionListener, org.springframework.test.context.jdbc.SqlScriptsTestExecutionListener]
2018-01-10 13:49:17.832  INFO 4312 --- [    Test worker] .b.t.c.SpringBootTestContextBootstrapper : Using TestExecutionListeners: [org.springframework.test.context.web.ServletTestExecutionListener@163d7ec, org.springframework.test.context.support.DirtiesContextBeforeModesTestExecutionListener@4f5c6270, org.springframework.boot.test.autoconfigure.SpringBootDependencyInjectionTestExecutionListener@45d526e, org.springframework.test.context.support.DirtiesContextTestExecutionListener@210b4822, org.springframework.test.context.transaction.TransactionalTestExecutionListener@3e483758, org.springframework.test.context.jdbc.SqlScriptsTestExecutionListener@122b9d03, org.springframework.boot.test.autoconfigure.web.servlet.WebDriverTestExecutionListener@7c8b730a, org.springframework.boot.test.mock.mockito.ResetMocksTestExecutionListener@73a6ee1, org.springframework.boot.test.mock.mockito.MockitoTestExecutionListener@78b77ba9, org.springframework.boot.test.autoconfigure.restdocs.RestDocsTestExecutionListener@363a2239, org.springframework.boot.test.autoconfigure.web.client.MockRestServiceServerResetTestExecutionListener@110e04d7, org.springframework.boot.test.autoconfigure.web.servlet.MockMvcPrintOnlyOnFailureTestExecutionListener@45173d71]
Hibernate: select vehiculo0_.placa as placa2_1_, vehiculo0_.cilindraje as cilindra3_1_, vehiculo0_.vehiculo_tipo as vehiculo1_1_ from vehiculo vehiculo0_
Hibernate: insert into vehiculo (vehiculo_tipo, placa) values ('2', ?)
Hibernate: insert into vehiculo (cilindraje, vehiculo_tipo, placa) values (?, '1', ?)
2018-01-10 13:49:17.883  WARN 4312 --- [    Test worker] o.h.hql.internal.ast.HqlSqlWalker        : [DEPRECATION] Encountered positional parameter near line 1, column 68 in HQL: [FROM co.ceiba.parqueadero.modelo.Vehiculo as veh WHERE veh.placa = ?].  Positional parameter are considered deprecated; use named parameters or JPA-style positional parameters instead.
Hibernate: select vehiculo0_.placa as placa2_1_, vehiculo0_.cilindraje as cilindra3_1_, vehiculo0_.vehiculo_tipo as vehiculo1_1_ from vehiculo vehiculo0_ where vehiculo0_.placa=?
Hibernate: delete from vehiculo where placa=?
Hibernate: select vehiculo0_.placa as placa2_1_, vehiculo0_.cilindraje as cilindra3_1_, vehiculo0_.vehiculo_tipo as vehiculo1_1_ from vehiculo vehiculo0_ where vehiculo0_.placa=?
Hibernate: delete from vehiculo where placa=?
]]></system-out>
  <system-err><![CDATA[]]></system-err>
</testsuite>
