<?xml version="1.0" encoding="UTF-8"?>
<testsuite name="co.ceiba.parqueadero.repository.VehiculoRepositoryImplTest" tests="5" skipped="0" failures="0" errors="0" timestamp="2018-01-22T13:02:54" hostname="DANIEL-CORREA" time="0.03">
  <properties/>
  <testcase name="testInsertarMoto" classname="co.ceiba.parqueadero.repository.VehiculoRepositoryImplTest" time="0.004"/>
  <testcase name="testInsertarCarro" classname="co.ceiba.parqueadero.repository.VehiculoRepositoryImplTest" time="0.006"/>
  <testcase name="testObtenerTodos" classname="co.ceiba.parqueadero.repository.VehiculoRepositoryImplTest" time="0.005"/>
  <testcase name="testObtenerPorPlaca" classname="co.ceiba.parqueadero.repository.VehiculoRepositoryImplTest" time="0.006"/>
  <testcase name="testEliminar" classname="co.ceiba.parqueadero.repository.VehiculoRepositoryImplTest" time="0.005"/>
  <system-out><![CDATA[2018-01-22 08:02:54.511  INFO 18140 --- [    Test worker] .b.t.c.SpringBootTestContextBootstrapper : Neither @ContextConfiguration nor @ContextHierarchy found for test class [co.ceiba.parqueadero.repository.VehiculoRepositoryImplTest], using SpringBootContextLoader
2018-01-22 08:02:54.512  INFO 18140 --- [    Test worker] o.s.t.c.support.AbstractContextLoader    : Could not detect default resource locations for test class [co.ceiba.parqueadero.repository.VehiculoRepositoryImplTest]: no resource found for suffixes {-context.xml, Context.groovy}.
2018-01-22 08:02:54.513  INFO 18140 --- [    Test worker] t.c.s.AnnotationConfigContextLoaderUtils : Could not detect default configuration classes for test class [co.ceiba.parqueadero.repository.VehiculoRepositoryImplTest]: VehiculoRepositoryImplTest does not declare any static, non-private, non-final, nested classes annotated with @Configuration.
2018-01-22 08:02:54.518  INFO 18140 --- [    Test worker] .b.t.c.SpringBootTestContextBootstrapper : Found @SpringBootConfiguration co.ceiba.parqueadero.ParqueaderoApplication for test class co.ceiba.parqueadero.repository.VehiculoRepositoryImplTest
2018-01-22 08:02:54.523  INFO 18140 --- [    Test worker] .b.t.c.SpringBootTestContextBootstrapper : Loaded default TestExecutionListener class names from location [META-INF/spring.factories]: [org.springframework.boot.test.mock.mockito.MockitoTestExecutionListener, org.springframework.boot.test.mock.mockito.ResetMocksTestExecutionListener, org.springframework.boot.test.autoconfigure.restdocs.RestDocsTestExecutionListener, org.springframework.boot.test.autoconfigure.web.client.MockRestServiceServerResetTestExecutionListener, org.springframework.boot.test.autoconfigure.web.servlet.MockMvcPrintOnlyOnFailureTestExecutionListener, org.springframework.boot.test.autoconfigure.web.servlet.WebDriverTestExecutionListener, org.springframework.test.context.web.ServletTestExecutionListener, org.springframework.test.context.support.DirtiesContextBeforeModesTestExecutionListener, org.springframework.test.context.support.DependencyInjectionTestExecutionListener, org.springframework.test.context.support.DirtiesContextTestExecutionListener, org.springframework.test.context.transaction.TransactionalTestExecutionListener, org.springframework.test.context.jdbc.SqlScriptsTestExecutionListener]
2018-01-22 08:02:54.540  INFO 18140 --- [    Test worker] .b.t.c.SpringBootTestContextBootstrapper : Using TestExecutionListeners: [org.springframework.test.context.web.ServletTestExecutionListener@775394f1, org.springframework.test.context.support.DirtiesContextBeforeModesTestExecutionListener@10bded0d, org.springframework.boot.test.autoconfigure.SpringBootDependencyInjectionTestExecutionListener@4100c939, org.springframework.test.context.support.DirtiesContextTestExecutionListener@15fee6f7, org.springframework.test.context.transaction.TransactionalTestExecutionListener@7ee10ca5, org.springframework.test.context.jdbc.SqlScriptsTestExecutionListener@14b43f1, org.springframework.boot.test.autoconfigure.restdocs.RestDocsTestExecutionListener@46451be0, org.springframework.boot.test.autoconfigure.web.client.MockRestServiceServerResetTestExecutionListener@246e9481, org.springframework.boot.test.autoconfigure.web.servlet.MockMvcPrintOnlyOnFailureTestExecutionListener@521c308d, org.springframework.boot.test.mock.mockito.ResetMocksTestExecutionListener@993b5f4, org.springframework.boot.test.mock.mockito.MockitoTestExecutionListener@67e7353d, org.springframework.boot.test.autoconfigure.web.servlet.WebDriverTestExecutionListener@377d7fdc]
]]></system-out>
  <system-err><![CDATA[]]></system-err>
</testsuite>
