<?xml version="1.0" encoding="UTF-8"?>
<testsuite name="co.ceiba.parqueadero.repository.VehiculoRepositoryImplTest" tests="1" skipped="0" failures="0" errors="0" timestamp="2018-01-10T15:19:16" hostname="DANIEL-CORREA" time="0.361">
  <properties/>
  <testcase name="testObtenerTodos" classname="co.ceiba.parqueadero.repository.VehiculoRepositoryImplTest" time="0.361"/>
  <system-out><![CDATA[2018-01-10 10:19:16.529  INFO 2720 --- [    Test worker] .b.t.c.SpringBootTestContextBootstrapper : Neither @ContextConfiguration nor @ContextHierarchy found for test class [co.ceiba.parqueadero.repository.VehiculoRepositoryImplTest], using SpringBootContextLoader
2018-01-10 10:19:16.530  INFO 2720 --- [    Test worker] o.s.t.c.support.AbstractContextLoader    : Could not detect default resource locations for test class [co.ceiba.parqueadero.repository.VehiculoRepositoryImplTest]: no resource found for suffixes {-context.xml, Context.groovy}.
2018-01-10 10:19:16.531  INFO 2720 --- [    Test worker] t.c.s.AnnotationConfigContextLoaderUtils : Could not detect default configuration classes for test class [co.ceiba.parqueadero.repository.VehiculoRepositoryImplTest]: VehiculoRepositoryImplTest does not declare any static, non-private, non-final, nested classes annotated with @Configuration.
2018-01-10 10:19:16.545  INFO 2720 --- [    Test worker] .b.t.c.SpringBootTestContextBootstrapper : Found @SpringBootConfiguration co.ceiba.parqueadero.ParqueaderoApplication for test class co.ceiba.parqueadero.repository.VehiculoRepositoryImplTest
2018-01-10 10:19:16.549  INFO 2720 --- [    Test worker] .b.t.c.SpringBootTestContextBootstrapper : Loaded default TestExecutionListener class names from location [META-INF/spring.factories]: [org.springframework.boot.test.mock.mockito.MockitoTestExecutionListener, org.springframework.boot.test.mock.mockito.ResetMocksTestExecutionListener, org.springframework.boot.test.autoconfigure.restdocs.RestDocsTestExecutionListener, org.springframework.boot.test.autoconfigure.web.client.MockRestServiceServerResetTestExecutionListener, org.springframework.boot.test.autoconfigure.web.servlet.MockMvcPrintOnlyOnFailureTestExecutionListener, org.springframework.boot.test.autoconfigure.web.servlet.WebDriverTestExecutionListener, org.springframework.test.context.web.ServletTestExecutionListener, org.springframework.test.context.support.DirtiesContextBeforeModesTestExecutionListener, org.springframework.test.context.support.DependencyInjectionTestExecutionListener, org.springframework.test.context.support.DirtiesContextTestExecutionListener, org.springframework.test.context.transaction.TransactionalTestExecutionListener, org.springframework.test.context.jdbc.SqlScriptsTestExecutionListener]
2018-01-10 10:19:16.553  INFO 2720 --- [    Test worker] .b.t.c.SpringBootTestContextBootstrapper : Using TestExecutionListeners: [org.springframework.test.context.web.ServletTestExecutionListener@6ed8edf, org.springframework.test.context.support.DirtiesContextBeforeModesTestExecutionListener@4e07449b, org.springframework.boot.test.autoconfigure.SpringBootDependencyInjectionTestExecutionListener@5d5a4da9, org.springframework.test.context.support.DirtiesContextTestExecutionListener@5edaca60, org.springframework.test.context.transaction.TransactionalTestExecutionListener@342b2c12, org.springframework.test.context.jdbc.SqlScriptsTestExecutionListener@40fc9590, org.springframework.boot.test.mock.mockito.ResetMocksTestExecutionListener@4f44bf23, org.springframework.boot.test.autoconfigure.restdocs.RestDocsTestExecutionListener@4745f561, org.springframework.boot.test.mock.mockito.MockitoTestExecutionListener@2a631a27, org.springframework.boot.test.autoconfigure.web.servlet.MockMvcPrintOnlyOnFailureTestExecutionListener@e174aee, org.springframework.boot.test.autoconfigure.web.client.MockRestServiceServerResetTestExecutionListener@64c041a8, org.springframework.boot.test.autoconfigure.web.servlet.WebDriverTestExecutionListener@cc64eac]
2018-01-10 10:19:16.686  INFO 2720 --- [    Test worker] o.h.h.i.QueryTranslatorFactoryInitiator  : HHH000397: Using ASTQueryTranslatorFactory
Hibernate: select vehiculo0_.placa as placa2_1_, vehiculo0_.cilindraje as cilindra3_1_, vehiculo0_.vehiculo_tipo as vehiculo1_1_ from vehiculo vehiculo0_
]]></system-out>
  <system-err><![CDATA[]]></system-err>
</testsuite>
