<?xml version="1.0" encoding="UTF-8"?>
<testsuite name="co.ceiba.parqueadero.service.ParqueaderoServiceImplTest" tests="9" skipped="0" failures="0" errors="0" timestamp="2018-01-22T13:02:54" hostname="DANIEL-CORREA" time="0.059">
  <properties/>
  <testcase name="ingresarVehiculoCilindrajeInvalido" classname="co.ceiba.parqueadero.service.ParqueaderoServiceImplTest" time="0.013"/>
  <testcase name="testSalidaVehiculoParqueadero" classname="co.ceiba.parqueadero.service.ParqueaderoServiceImplTest" time="0.004"/>
  <testcase name="ingresarVehiculoPlacaInvalida" classname="co.ceiba.parqueadero.service.ParqueaderoServiceImplTest" time="0.005"/>
  <testcase name="ingresarVehiculoExistente" classname="co.ceiba.parqueadero.service.ParqueaderoServiceImplTest" time="0.003"/>
  <testcase name="salidaVehiculoParqueaderoPlacaInvalida" classname="co.ceiba.parqueadero.service.ParqueaderoServiceImplTest" time="0.006"/>
  <testcase name="ingresarVehiculoPlacaVacia" classname="co.ceiba.parqueadero.service.ParqueaderoServiceImplTest" time="0.005"/>
  <testcase name="salidaVehiculoParqueaderoPlacaVacia" classname="co.ceiba.parqueadero.service.ParqueaderoServiceImplTest" time="0.006"/>
  <testcase name="salidaVehiculoParqueaderoNoExistente" classname="co.ceiba.parqueadero.service.ParqueaderoServiceImplTest" time="0.004"/>
  <testcase name="testIngresarVehiculoParqueadero" classname="co.ceiba.parqueadero.service.ParqueaderoServiceImplTest" time="0.003"/>
  <system-out><![CDATA[2018-01-22 08:02:54.579  INFO 18140 --- [    Test worker] .b.t.c.SpringBootTestContextBootstrapper : Neither @ContextConfiguration nor @ContextHierarchy found for test class [co.ceiba.parqueadero.service.ParqueaderoServiceImplTest], using SpringBootContextLoader
2018-01-22 08:02:54.581  INFO 18140 --- [    Test worker] o.s.t.c.support.AbstractContextLoader    : Could not detect default resource locations for test class [co.ceiba.parqueadero.service.ParqueaderoServiceImplTest]: no resource found for suffixes {-context.xml, Context.groovy}.
2018-01-22 08:02:54.581  INFO 18140 --- [    Test worker] t.c.s.AnnotationConfigContextLoaderUtils : Could not detect default configuration classes for test class [co.ceiba.parqueadero.service.ParqueaderoServiceImplTest]: ParqueaderoServiceImplTest does not declare any static, non-private, non-final, nested classes annotated with @Configuration.
2018-01-22 08:02:54.599  INFO 18140 --- [    Test worker] .b.t.c.SpringBootTestContextBootstrapper : Found @SpringBootConfiguration co.ceiba.parqueadero.ParqueaderoApplication for test class co.ceiba.parqueadero.service.ParqueaderoServiceImplTest
2018-01-22 08:02:54.603  INFO 18140 --- [    Test worker] .b.t.c.SpringBootTestContextBootstrapper : Loaded default TestExecutionListener class names from location [META-INF/spring.factories]: [org.springframework.boot.test.mock.mockito.MockitoTestExecutionListener, org.springframework.boot.test.mock.mockito.ResetMocksTestExecutionListener, org.springframework.boot.test.autoconfigure.restdocs.RestDocsTestExecutionListener, org.springframework.boot.test.autoconfigure.web.client.MockRestServiceServerResetTestExecutionListener, org.springframework.boot.test.autoconfigure.web.servlet.MockMvcPrintOnlyOnFailureTestExecutionListener, org.springframework.boot.test.autoconfigure.web.servlet.WebDriverTestExecutionListener, org.springframework.test.context.web.ServletTestExecutionListener, org.springframework.test.context.support.DirtiesContextBeforeModesTestExecutionListener, org.springframework.test.context.support.DependencyInjectionTestExecutionListener, org.springframework.test.context.support.DirtiesContextTestExecutionListener, org.springframework.test.context.transaction.TransactionalTestExecutionListener, org.springframework.test.context.jdbc.SqlScriptsTestExecutionListener]
2018-01-22 08:02:54.608  INFO 18140 --- [    Test worker] .b.t.c.SpringBootTestContextBootstrapper : Using TestExecutionListeners: [org.springframework.test.context.web.ServletTestExecutionListener@7e2bf5f3, org.springframework.test.context.support.DirtiesContextBeforeModesTestExecutionListener@736cc8fb, org.springframework.boot.test.autoconfigure.SpringBootDependencyInjectionTestExecutionListener@ed9bef2, org.springframework.test.context.support.DirtiesContextTestExecutionListener@17828d3b, org.springframework.test.context.transaction.TransactionalTestExecutionListener@36a76655, org.springframework.test.context.jdbc.SqlScriptsTestExecutionListener@23194b6a, org.springframework.boot.test.autoconfigure.restdocs.RestDocsTestExecutionListener@60744fd5, org.springframework.boot.test.autoconfigure.web.client.MockRestServiceServerResetTestExecutionListener@639cfdb5, org.springframework.boot.test.autoconfigure.web.servlet.MockMvcPrintOnlyOnFailureTestExecutionListener@6e84aa5d, org.springframework.boot.test.mock.mockito.ResetMocksTestExecutionListener@72feefc, org.springframework.boot.test.mock.mockito.MockitoTestExecutionListener@45e7032b, org.springframework.boot.test.autoconfigure.web.servlet.WebDriverTestExecutionListener@41123f77]
]]></system-out>
  <system-err><![CDATA[]]></system-err>
</testsuite>
