<?xml version="1.0" encoding="UTF-8"?>
<testsuite name="co.ceiba.parqueadero.repository.VehiculoRepositoryImplTest" tests="5" skipped="0" failures="0" errors="0" timestamp="2018-01-22T13:50:06" hostname="DANIEL-CORREA" time="0.032">
  <properties/>
  <testcase name="testInsertarMoto" classname="co.ceiba.parqueadero.repository.VehiculoRepositoryImplTest" time="0.005"/>
  <testcase name="testInsertarCarro" classname="co.ceiba.parqueadero.repository.VehiculoRepositoryImplTest" time="0.005"/>
  <testcase name="testObtenerTodos" classname="co.ceiba.parqueadero.repository.VehiculoRepositoryImplTest" time="0.005"/>
  <testcase name="testObtenerPorPlaca" classname="co.ceiba.parqueadero.repository.VehiculoRepositoryImplTest" time="0.006"/>
  <testcase name="testEliminar" classname="co.ceiba.parqueadero.repository.VehiculoRepositoryImplTest" time="0.006"/>
  <system-out><![CDATA[2018-01-22 08:50:06.410  INFO 3768 --- [    Test worker] .b.t.c.SpringBootTestContextBootstrapper : Neither @ContextConfiguration nor @ContextHierarchy found for test class [co.ceiba.parqueadero.repository.VehiculoRepositoryImplTest], using SpringBootContextLoader
2018-01-22 08:50:06.412  INFO 3768 --- [    Test worker] o.s.t.c.support.AbstractContextLoader    : Could not detect default resource locations for test class [co.ceiba.parqueadero.repository.VehiculoRepositoryImplTest]: no resource found for suffixes {-context.xml, Context.groovy}.
2018-01-22 08:50:06.412  INFO 3768 --- [    Test worker] t.c.s.AnnotationConfigContextLoaderUtils : Could not detect default configuration classes for test class [co.ceiba.parqueadero.repository.VehiculoRepositoryImplTest]: VehiculoRepositoryImplTest does not declare any static, non-private, non-final, nested classes annotated with @Configuration.
2018-01-22 08:50:06.419  INFO 3768 --- [    Test worker] .b.t.c.SpringBootTestContextBootstrapper : Found @SpringBootConfiguration co.ceiba.parqueadero.ParqueaderoApplication for test class co.ceiba.parqueadero.repository.VehiculoRepositoryImplTest
2018-01-22 08:50:06.425  INFO 3768 --- [    Test worker] .b.t.c.SpringBootTestContextBootstrapper : Loaded default TestExecutionListener class names from location [META-INF/spring.factories]: [org.springframework.boot.test.mock.mockito.MockitoTestExecutionListener, org.springframework.boot.test.mock.mockito.ResetMocksTestExecutionListener, org.springframework.boot.test.autoconfigure.restdocs.RestDocsTestExecutionListener, org.springframework.boot.test.autoconfigure.web.client.MockRestServiceServerResetTestExecutionListener, org.springframework.boot.test.autoconfigure.web.servlet.MockMvcPrintOnlyOnFailureTestExecutionListener, org.springframework.boot.test.autoconfigure.web.servlet.WebDriverTestExecutionListener, org.springframework.test.context.web.ServletTestExecutionListener, org.springframework.test.context.support.DirtiesContextBeforeModesTestExecutionListener, org.springframework.test.context.support.DependencyInjectionTestExecutionListener, org.springframework.test.context.support.DirtiesContextTestExecutionListener, org.springframework.test.context.transaction.TransactionalTestExecutionListener, org.springframework.test.context.jdbc.SqlScriptsTestExecutionListener]
2018-01-22 08:50:06.442  INFO 3768 --- [    Test worker] .b.t.c.SpringBootTestContextBootstrapper : Using TestExecutionListeners: [org.springframework.test.context.web.ServletTestExecutionListener@2bca8a64, org.springframework.test.context.support.DirtiesContextBeforeModesTestExecutionListener@7c875eb1, org.springframework.boot.test.autoconfigure.SpringBootDependencyInjectionTestExecutionListener@3d228e4f, org.springframework.test.context.support.DirtiesContextTestExecutionListener@1aa51da2, org.springframework.test.context.transaction.TransactionalTestExecutionListener@65432d38, org.springframework.test.context.jdbc.SqlScriptsTestExecutionListener@237785f7, org.springframework.boot.test.autoconfigure.restdocs.RestDocsTestExecutionListener@a8e2720, org.springframework.boot.test.autoconfigure.web.servlet.MockMvcPrintOnlyOnFailureTestExecutionListener@38f473de, org.springframework.boot.test.autoconfigure.web.servlet.WebDriverTestExecutionListener@44a2a315, org.springframework.boot.test.mock.mockito.MockitoTestExecutionListener@5b65de4b, org.springframework.boot.test.autoconfigure.web.client.MockRestServiceServerResetTestExecutionListener@20294520, org.springframework.boot.test.mock.mockito.ResetMocksTestExecutionListener@3b58b878]
]]></system-out>
  <system-err><![CDATA[]]></system-err>
</testsuite>
