<?xml version="1.0" encoding="UTF-8"?>
<testsuite name="co.ceiba.parqueadero.repository.ParqueaderoRepositoryImplTest" tests="7" skipped="0" failures="0" errors="0" timestamp="2018-01-22T13:02:54" hostname="DANIEL-CORREA" time="0.042">
  <properties/>
  <testcase name="testInsertarFallido" classname="co.ceiba.parqueadero.repository.ParqueaderoRepositoryImplTest" time="0.007"/>
  <testcase name="test4Actualizar" classname="co.ceiba.parqueadero.repository.ParqueaderoRepositoryImplTest" time="0.004"/>
  <testcase name="testObtenerMotos" classname="co.ceiba.parqueadero.repository.ParqueaderoRepositoryImplTest" time="0.004"/>
  <testcase name="testObtenerPorVehiculoSinSalir" classname="co.ceiba.parqueadero.repository.ParqueaderoRepositoryImplTest" time="0.005"/>
  <testcase name="testObtenerVehiculos" classname="co.ceiba.parqueadero.repository.ParqueaderoRepositoryImplTest" time="0.004"/>
  <testcase name="testInsertar" classname="co.ceiba.parqueadero.repository.ParqueaderoRepositoryImplTest" time="0.006"/>
  <testcase name="testObtenerCarros" classname="co.ceiba.parqueadero.repository.ParqueaderoRepositoryImplTest" time="0.004"/>
  <system-out><![CDATA[2018-01-22 08:02:54.433  INFO 18140 --- [    Test worker] .b.t.c.SpringBootTestContextBootstrapper : Neither @ContextConfiguration nor @ContextHierarchy found for test class [co.ceiba.parqueadero.repository.ParqueaderoRepositoryImplTest], using SpringBootContextLoader
2018-01-22 08:02:54.434  INFO 18140 --- [    Test worker] o.s.t.c.support.AbstractContextLoader    : Could not detect default resource locations for test class [co.ceiba.parqueadero.repository.ParqueaderoRepositoryImplTest]: no resource found for suffixes {-context.xml, Context.groovy}.
2018-01-22 08:02:54.434  INFO 18140 --- [    Test worker] t.c.s.AnnotationConfigContextLoaderUtils : Could not detect default configuration classes for test class [co.ceiba.parqueadero.repository.ParqueaderoRepositoryImplTest]: ParqueaderoRepositoryImplTest does not declare any static, non-private, non-final, nested classes annotated with @Configuration.
2018-01-22 08:02:54.447  INFO 18140 --- [    Test worker] .b.t.c.SpringBootTestContextBootstrapper : Found @SpringBootConfiguration co.ceiba.parqueadero.ParqueaderoApplication for test class co.ceiba.parqueadero.repository.ParqueaderoRepositoryImplTest
2018-01-22 08:02:54.451  INFO 18140 --- [    Test worker] .b.t.c.SpringBootTestContextBootstrapper : Loaded default TestExecutionListener class names from location [META-INF/spring.factories]: [org.springframework.boot.test.mock.mockito.MockitoTestExecutionListener, org.springframework.boot.test.mock.mockito.ResetMocksTestExecutionListener, org.springframework.boot.test.autoconfigure.restdocs.RestDocsTestExecutionListener, org.springframework.boot.test.autoconfigure.web.client.MockRestServiceServerResetTestExecutionListener, org.springframework.boot.test.autoconfigure.web.servlet.MockMvcPrintOnlyOnFailureTestExecutionListener, org.springframework.boot.test.autoconfigure.web.servlet.WebDriverTestExecutionListener, org.springframework.test.context.web.ServletTestExecutionListener, org.springframework.test.context.support.DirtiesContextBeforeModesTestExecutionListener, org.springframework.test.context.support.DependencyInjectionTestExecutionListener, org.springframework.test.context.support.DirtiesContextTestExecutionListener, org.springframework.test.context.transaction.TransactionalTestExecutionListener, org.springframework.test.context.jdbc.SqlScriptsTestExecutionListener]
2018-01-22 08:02:54.455  INFO 18140 --- [    Test worker] .b.t.c.SpringBootTestContextBootstrapper : Using TestExecutionListeners: [org.springframework.test.context.web.ServletTestExecutionListener@e159012, org.springframework.test.context.support.DirtiesContextBeforeModesTestExecutionListener@2184d1fe, org.springframework.boot.test.autoconfigure.SpringBootDependencyInjectionTestExecutionListener@1a277be4, org.springframework.test.context.support.DirtiesContextTestExecutionListener@41784ec0, org.springframework.test.context.transaction.TransactionalTestExecutionListener@63cfc3fd, org.springframework.test.context.jdbc.SqlScriptsTestExecutionListener@6443f55b, org.springframework.boot.test.autoconfigure.restdocs.RestDocsTestExecutionListener@451a5a6c, org.springframework.boot.test.autoconfigure.web.client.MockRestServiceServerResetTestExecutionListener@46170241, org.springframework.boot.test.autoconfigure.web.servlet.MockMvcPrintOnlyOnFailureTestExecutionListener@5b5ae155, org.springframework.boot.test.mock.mockito.ResetMocksTestExecutionListener@20c82e48, org.springframework.boot.test.mock.mockito.MockitoTestExecutionListener@3716d907, org.springframework.boot.test.autoconfigure.web.servlet.WebDriverTestExecutionListener@496dd0ae]
]]></system-out>
  <system-err><![CDATA[]]></system-err>
</testsuite>
