<?xml version="1.0" encoding="UTF-8"?>
<testsuite name="co.ceiba.parqueadero.service.ParqueaderoServiceImplTest" tests="9" skipped="0" failures="0" errors="0" timestamp="2018-01-22T13:50:06" hostname="DANIEL-CORREA" time="0.08">
  <properties/>
  <testcase name="ingresarVehiculoCilindrajeInvalido" classname="co.ceiba.parqueadero.service.ParqueaderoServiceImplTest" time="0.023"/>
  <testcase name="testSalidaVehiculoParqueadero" classname="co.ceiba.parqueadero.service.ParqueaderoServiceImplTest" time="0.005"/>
  <testcase name="ingresarVehiculoPlacaInvalida" classname="co.ceiba.parqueadero.service.ParqueaderoServiceImplTest" time="0.007"/>
  <testcase name="ingresarVehiculoExistente" classname="co.ceiba.parqueadero.service.ParqueaderoServiceImplTest" time="0.005"/>
  <testcase name="salidaVehiculoParqueaderoPlacaInvalida" classname="co.ceiba.parqueadero.service.ParqueaderoServiceImplTest" time="0.006"/>
  <testcase name="ingresarVehiculoPlacaVacia" classname="co.ceiba.parqueadero.service.ParqueaderoServiceImplTest" time="0.006"/>
  <testcase name="salidaVehiculoParqueaderoPlacaVacia" classname="co.ceiba.parqueadero.service.ParqueaderoServiceImplTest" time="0.006"/>
  <testcase name="salidaVehiculoParqueaderoNoExistente" classname="co.ceiba.parqueadero.service.ParqueaderoServiceImplTest" time="0.007"/>
  <testcase name="testIngresarVehiculoParqueadero" classname="co.ceiba.parqueadero.service.ParqueaderoServiceImplTest" time="0.006"/>
  <system-out><![CDATA[2018-01-22 08:50:06.494  INFO 3768 --- [    Test worker] .b.t.c.SpringBootTestContextBootstrapper : Neither @ContextConfiguration nor @ContextHierarchy found for test class [co.ceiba.parqueadero.service.ParqueaderoServiceImplTest], using SpringBootContextLoader
2018-01-22 08:50:06.496  INFO 3768 --- [    Test worker] o.s.t.c.support.AbstractContextLoader    : Could not detect default resource locations for test class [co.ceiba.parqueadero.service.ParqueaderoServiceImplTest]: no resource found for suffixes {-context.xml, Context.groovy}.
2018-01-22 08:50:06.496  INFO 3768 --- [    Test worker] t.c.s.AnnotationConfigContextLoaderUtils : Could not detect default configuration classes for test class [co.ceiba.parqueadero.service.ParqueaderoServiceImplTest]: ParqueaderoServiceImplTest does not declare any static, non-private, non-final, nested classes annotated with @Configuration.
2018-01-22 08:50:06.526  INFO 3768 --- [    Test worker] .b.t.c.SpringBootTestContextBootstrapper : Found @SpringBootConfiguration co.ceiba.parqueadero.ParqueaderoApplication for test class co.ceiba.parqueadero.service.ParqueaderoServiceImplTest
2018-01-22 08:50:06.533  INFO 3768 --- [    Test worker] .b.t.c.SpringBootTestContextBootstrapper : Loaded default TestExecutionListener class names from location [META-INF/spring.factories]: [org.springframework.boot.test.mock.mockito.MockitoTestExecutionListener, org.springframework.boot.test.mock.mockito.ResetMocksTestExecutionListener, org.springframework.boot.test.autoconfigure.restdocs.RestDocsTestExecutionListener, org.springframework.boot.test.autoconfigure.web.client.MockRestServiceServerResetTestExecutionListener, org.springframework.boot.test.autoconfigure.web.servlet.MockMvcPrintOnlyOnFailureTestExecutionListener, org.springframework.boot.test.autoconfigure.web.servlet.WebDriverTestExecutionListener, org.springframework.test.context.web.ServletTestExecutionListener, org.springframework.test.context.support.DirtiesContextBeforeModesTestExecutionListener, org.springframework.test.context.support.DependencyInjectionTestExecutionListener, org.springframework.test.context.support.DirtiesContextTestExecutionListener, org.springframework.test.context.transaction.TransactionalTestExecutionListener, org.springframework.test.context.jdbc.SqlScriptsTestExecutionListener]
2018-01-22 08:50:06.538  INFO 3768 --- [    Test worker] .b.t.c.SpringBootTestContextBootstrapper : Using TestExecutionListeners: [org.springframework.test.context.web.ServletTestExecutionListener@3f102fd5, org.springframework.test.context.support.DirtiesContextBeforeModesTestExecutionListener@7390da21, org.springframework.boot.test.autoconfigure.SpringBootDependencyInjectionTestExecutionListener@6d0fb89d, org.springframework.test.context.support.DirtiesContextTestExecutionListener@11ebcec9, org.springframework.test.context.transaction.TransactionalTestExecutionListener@2f3b35a6, org.springframework.test.context.jdbc.SqlScriptsTestExecutionListener@5a8fa3b2, org.springframework.boot.test.autoconfigure.restdocs.RestDocsTestExecutionListener@4a54232e, org.springframework.boot.test.autoconfigure.web.servlet.MockMvcPrintOnlyOnFailureTestExecutionListener@506212b, org.springframework.boot.test.autoconfigure.web.servlet.WebDriverTestExecutionListener@7366b228, org.springframework.boot.test.mock.mockito.MockitoTestExecutionListener@54530dc5, org.springframework.boot.test.autoconfigure.web.client.MockRestServiceServerResetTestExecutionListener@3f751932, org.springframework.boot.test.mock.mockito.ResetMocksTestExecutionListener@b4e688e]
]]></system-out>
  <system-err><![CDATA[]]></system-err>
</testsuite>
