<?xml version="1.0" encoding="UTF-8"?>
<testsuite name="co.ceiba.parqueadero.repository.ParqueaderoRepositoryImplTest" tests="2" skipped="0" failures="0" errors="0" timestamp="2018-01-10T18:49:17" hostname="DANIEL-CORREA" time="0.563">
  <properties/>
  <testcase name="test1Insertar" classname="co.ceiba.parqueadero.repository.ParqueaderoRepositoryImplTest" time="0.275"/>
  <testcase name="test2Eliminar" classname="co.ceiba.parqueadero.repository.ParqueaderoRepositoryImplTest" time="0.287"/>
  <system-out><![CDATA[2018-01-10 13:49:17.217  INFO 4312 --- [    Test worker] .b.t.c.SpringBootTestContextBootstrapper : Neither @ContextConfiguration nor @ContextHierarchy found for test class [co.ceiba.parqueadero.repository.ParqueaderoRepositoryImplTest], using SpringBootContextLoader
2018-01-10 13:49:17.218  INFO 4312 --- [    Test worker] o.s.t.c.support.AbstractContextLoader    : Could not detect default resource locations for test class [co.ceiba.parqueadero.repository.ParqueaderoRepositoryImplTest]: no resource found for suffixes {-context.xml, Context.groovy}.
2018-01-10 13:49:17.219  INFO 4312 --- [    Test worker] t.c.s.AnnotationConfigContextLoaderUtils : Could not detect default configuration classes for test class [co.ceiba.parqueadero.repository.ParqueaderoRepositoryImplTest]: ParqueaderoRepositoryImplTest does not declare any static, non-private, non-final, nested classes annotated with @Configuration.
2018-01-10 13:49:17.233  INFO 4312 --- [    Test worker] .b.t.c.SpringBootTestContextBootstrapper : Found @SpringBootConfiguration co.ceiba.parqueadero.ParqueaderoApplication for test class co.ceiba.parqueadero.repository.ParqueaderoRepositoryImplTest
2018-01-10 13:49:17.239  INFO 4312 --- [    Test worker] .b.t.c.SpringBootTestContextBootstrapper : Loaded default TestExecutionListener class names from location [META-INF/spring.factories]: [org.springframework.boot.test.mock.mockito.MockitoTestExecutionListener, org.springframework.boot.test.mock.mockito.ResetMocksTestExecutionListener, org.springframework.boot.test.autoconfigure.restdocs.RestDocsTestExecutionListener, org.springframework.boot.test.autoconfigure.web.client.MockRestServiceServerResetTestExecutionListener, org.springframework.boot.test.autoconfigure.web.servlet.MockMvcPrintOnlyOnFailureTestExecutionListener, org.springframework.boot.test.autoconfigure.web.servlet.WebDriverTestExecutionListener, org.springframework.test.context.web.ServletTestExecutionListener, org.springframework.test.context.support.DirtiesContextBeforeModesTestExecutionListener, org.springframework.test.context.support.DependencyInjectionTestExecutionListener, org.springframework.test.context.support.DirtiesContextTestExecutionListener, org.springframework.test.context.transaction.TransactionalTestExecutionListener, org.springframework.test.context.jdbc.SqlScriptsTestExecutionListener]
2018-01-10 13:49:17.243  INFO 4312 --- [    Test worker] .b.t.c.SpringBootTestContextBootstrapper : Using TestExecutionListeners: [org.springframework.test.context.web.ServletTestExecutionListener@1297acae, org.springframework.test.context.support.DirtiesContextBeforeModesTestExecutionListener@6b24d22b, org.springframework.boot.test.autoconfigure.SpringBootDependencyInjectionTestExecutionListener@452e39b7, org.springframework.test.context.support.DirtiesContextTestExecutionListener@d97b992, org.springframework.test.context.transaction.TransactionalTestExecutionListener@22ca9652, org.springframework.test.context.jdbc.SqlScriptsTestExecutionListener@6f32bdaa, org.springframework.boot.test.autoconfigure.web.servlet.WebDriverTestExecutionListener@5b65c27a, org.springframework.boot.test.mock.mockito.ResetMocksTestExecutionListener@6b8ebbad, org.springframework.boot.test.mock.mockito.MockitoTestExecutionListener@1d00d888, org.springframework.boot.test.autoconfigure.restdocs.RestDocsTestExecutionListener@67a5e96f, org.springframework.boot.test.autoconfigure.web.client.MockRestServiceServerResetTestExecutionListener@12a681f3, org.springframework.boot.test.autoconfigure.web.servlet.MockMvcPrintOnlyOnFailureTestExecutionListener@c6b03d9]
Hibernate: select carro_.placa from vehiculo carro_ where carro_.placa=?
Hibernate: insert into parqueadero (fecha_ingreso, fecha_salida, placa) values (?, ?, ?)
2018-01-10 13:49:17.553  INFO 4312 --- [    Test worker] o.h.h.i.QueryTranslatorFactoryInitiator  : HHH000397: Using ASTQueryTranslatorFactory
2018-01-10 13:49:17.704  WARN 4312 --- [    Test worker] o.h.hql.internal.ast.HqlSqlWalker        : [DEPRECATION] Encountered positional parameter near line 1, column 76 in HQL: [FROM co.ceiba.parqueadero.modelo.Parqueadero as parq WHERE parq.vehiculo = ? AND parq.fechaSalida is null].  Positional parameter are considered deprecated; use named parameters or JPA-style positional parameters instead.
Hibernate: select parqueader0_.id as id1_0_, parqueader0_.fecha_ingreso as fecha_in2_0_, parqueader0_.fecha_salida as fecha_sa3_0_, parqueader0_.placa as placa4_0_ from parqueadero parqueader0_ where parqueader0_.placa=? and (parqueader0_.fecha_salida is null)
Hibernate: delete from parqueadero where id=?
]]></system-out>
  <system-err><![CDATA[]]></system-err>
</testsuite>
