<?xml version="1.0" encoding="UTF-8"?>
<testsuite name="co.ceiba.parqueadero.repository.VehiculoRepositoryImplTest" tests="5" skipped="0" failures="0" errors="0" timestamp="2018-01-10T17:58:48" hostname="DANIEL-CORREA" time="0.685">
  <properties/>
  <testcase name="aTestObtenerTodos" classname="co.ceiba.parqueadero.repository.VehiculoRepositoryImplTest" time="0.521"/>
  <testcase name="bTestInsertarCarro" classname="co.ceiba.parqueadero.repository.VehiculoRepositoryImplTest" time="0.064"/>
  <testcase name="cTestInsertarMoto" classname="co.ceiba.parqueadero.repository.VehiculoRepositoryImplTest" time="0.044"/>
  <testcase name="dTestEliminarMoto" classname="co.ceiba.parqueadero.repository.VehiculoRepositoryImplTest" time="0.037"/>
  <testcase name="eTestEliminarCarro" classname="co.ceiba.parqueadero.repository.VehiculoRepositoryImplTest" time="0.014"/>
  <system-out><![CDATA[2018-01-10 12:58:48.505  INFO 3180 --- [    Test worker] .b.t.c.SpringBootTestContextBootstrapper : Neither @ContextConfiguration nor @ContextHierarchy found for test class [co.ceiba.parqueadero.repository.VehiculoRepositoryImplTest], using SpringBootContextLoader
2018-01-10 12:58:48.508  INFO 3180 --- [    Test worker] o.s.t.c.support.AbstractContextLoader    : Could not detect default resource locations for test class [co.ceiba.parqueadero.repository.VehiculoRepositoryImplTest]: no resource found for suffixes {-context.xml, Context.groovy}.
2018-01-10 12:58:48.508  INFO 3180 --- [    Test worker] t.c.s.AnnotationConfigContextLoaderUtils : Could not detect default configuration classes for test class [co.ceiba.parqueadero.repository.VehiculoRepositoryImplTest]: VehiculoRepositoryImplTest does not declare any static, non-private, non-final, nested classes annotated with @Configuration.
2018-01-10 12:58:48.523  INFO 3180 --- [    Test worker] .b.t.c.SpringBootTestContextBootstrapper : Found @SpringBootConfiguration co.ceiba.parqueadero.ParqueaderoApplication for test class co.ceiba.parqueadero.repository.VehiculoRepositoryImplTest
2018-01-10 12:58:48.529  INFO 3180 --- [    Test worker] .b.t.c.SpringBootTestContextBootstrapper : Loaded default TestExecutionListener class names from location [META-INF/spring.factories]: [org.springframework.boot.test.mock.mockito.MockitoTestExecutionListener, org.springframework.boot.test.mock.mockito.ResetMocksTestExecutionListener, org.springframework.boot.test.autoconfigure.restdocs.RestDocsTestExecutionListener, org.springframework.boot.test.autoconfigure.web.client.MockRestServiceServerResetTestExecutionListener, org.springframework.boot.test.autoconfigure.web.servlet.MockMvcPrintOnlyOnFailureTestExecutionListener, org.springframework.boot.test.autoconfigure.web.servlet.WebDriverTestExecutionListener, org.springframework.test.context.web.ServletTestExecutionListener, org.springframework.test.context.support.DirtiesContextBeforeModesTestExecutionListener, org.springframework.test.context.support.DependencyInjectionTestExecutionListener, org.springframework.test.context.support.DirtiesContextTestExecutionListener, org.springframework.test.context.transaction.TransactionalTestExecutionListener, org.springframework.test.context.jdbc.SqlScriptsTestExecutionListener]
2018-01-10 12:58:48.534  INFO 3180 --- [    Test worker] .b.t.c.SpringBootTestContextBootstrapper : Using TestExecutionListeners: [org.springframework.test.context.web.ServletTestExecutionListener@12c7a308, org.springframework.test.context.support.DirtiesContextBeforeModesTestExecutionListener@5d9ec85c, org.springframework.boot.test.autoconfigure.SpringBootDependencyInjectionTestExecutionListener@6e5cead9, org.springframework.test.context.support.DirtiesContextTestExecutionListener@4ab778d1, org.springframework.test.context.transaction.TransactionalTestExecutionListener@65c74d6c, org.springframework.test.context.jdbc.SqlScriptsTestExecutionListener@4e30a5a0, org.springframework.boot.test.autoconfigure.web.client.MockRestServiceServerResetTestExecutionListener@4733949d, org.springframework.boot.test.autoconfigure.web.servlet.MockMvcPrintOnlyOnFailureTestExecutionListener@36b30d5a, org.springframework.boot.test.autoconfigure.web.servlet.WebDriverTestExecutionListener@69c08acd, org.springframework.boot.test.mock.mockito.MockitoTestExecutionListener@22962ff0, org.springframework.boot.test.mock.mockito.ResetMocksTestExecutionListener@795ad043, org.springframework.boot.test.autoconfigure.restdocs.RestDocsTestExecutionListener@572dcbef]
2018-01-10 12:58:48.732  INFO 3180 --- [    Test worker] o.h.h.i.QueryTranslatorFactoryInitiator  : HHH000397: Using ASTQueryTranslatorFactory
Hibernate: select vehiculo0_.placa as placa2_1_, vehiculo0_.cilindraje as cilindra3_1_, vehiculo0_.vehiculo_tipo as vehiculo1_1_ from vehiculo vehiculo0_
Hibernate: insert into vehiculo (vehiculo_tipo, placa) values ('2', ?)
Hibernate: insert into vehiculo (cilindraje, vehiculo_tipo, placa) values (?, '1', ?)
2018-01-10 12:58:49.186  WARN 3180 --- [    Test worker] o.h.hql.internal.ast.HqlSqlWalker        : [DEPRECATION] Encountered positional parameter near line 1, column 68 in HQL: [FROM co.ceiba.parqueadero.modelo.Vehiculo as veh WHERE veh.placa = ?].  Positional parameter are considered deprecated; use named parameters or JPA-style positional parameters instead.
Hibernate: select vehiculo0_.placa as placa2_1_, vehiculo0_.cilindraje as cilindra3_1_, vehiculo0_.vehiculo_tipo as vehiculo1_1_ from vehiculo vehiculo0_ where vehiculo0_.placa=?
Hibernate: delete from vehiculo where placa=?
Hibernate: select vehiculo0_.placa as placa2_1_, vehiculo0_.cilindraje as cilindra3_1_, vehiculo0_.vehiculo_tipo as vehiculo1_1_ from vehiculo vehiculo0_ where vehiculo0_.placa=?
Hibernate: delete from vehiculo where placa=?
]]></system-out>
  <system-err><![CDATA[]]></system-err>
</testsuite>
