<?xml version="1.0" encoding="UTF-8"?>
<testsuite name="co.ceiba.parqueadero.ParqueaderoApplicationTests" tests="1" skipped="0" failures="0" errors="0" timestamp="2018-01-22T13:50:06" hostname="DANIEL-CORREA" time="0.016">
  <properties/>
  <testcase name="contextLoads" classname="co.ceiba.parqueadero.ParqueaderoApplicationTests" time="0.016"/>
  <system-out><![CDATA[2018-01-22 08:50:06.014  INFO 3768 --- [    Test worker] .b.t.c.SpringBootTestContextBootstrapper : Neither @ContextConfiguration nor @ContextHierarchy found for test class [co.ceiba.parqueadero.ParqueaderoApplicationTests], using SpringBootContextLoader
2018-01-22 08:50:06.017  INFO 3768 --- [    Test worker] o.s.t.c.support.AbstractContextLoader    : Could not detect default resource locations for test class [co.ceiba.parqueadero.ParqueaderoApplicationTests]: no resource found for suffixes {-context.xml, Context.groovy}.
2018-01-22 08:50:06.019  INFO 3768 --- [    Test worker] t.c.s.AnnotationConfigContextLoaderUtils : Could not detect default configuration classes for test class [co.ceiba.parqueadero.ParqueaderoApplicationTests]: ParqueaderoApplicationTests does not declare any static, non-private, non-final, nested classes annotated with @Configuration.
2018-01-22 08:50:06.080  INFO 3768 --- [    Test worker] .b.t.c.SpringBootTestContextBootstrapper : Found @SpringBootConfiguration co.ceiba.parqueadero.ParqueaderoApplication for test class co.ceiba.parqueadero.ParqueaderoApplicationTests
2018-01-22 08:50:06.103  INFO 3768 --- [    Test worker] .b.t.c.SpringBootTestContextBootstrapper : Loaded default TestExecutionListener class names from location [META-INF/spring.factories]: [org.springframework.boot.test.mock.mockito.MockitoTestExecutionListener, org.springframework.boot.test.mock.mockito.ResetMocksTestExecutionListener, org.springframework.boot.test.autoconfigure.restdocs.RestDocsTestExecutionListener, org.springframework.boot.test.autoconfigure.web.client.MockRestServiceServerResetTestExecutionListener, org.springframework.boot.test.autoconfigure.web.servlet.MockMvcPrintOnlyOnFailureTestExecutionListener, org.springframework.boot.test.autoconfigure.web.servlet.WebDriverTestExecutionListener, org.springframework.test.context.web.ServletTestExecutionListener, org.springframework.test.context.support.DirtiesContextBeforeModesTestExecutionListener, org.springframework.test.context.support.DependencyInjectionTestExecutionListener, org.springframework.test.context.support.DirtiesContextTestExecutionListener, org.springframework.test.context.transaction.TransactionalTestExecutionListener, org.springframework.test.context.jdbc.SqlScriptsTestExecutionListener]
2018-01-22 08:50:06.118  INFO 3768 --- [    Test worker] .b.t.c.SpringBootTestContextBootstrapper : Using TestExecutionListeners: [org.springframework.test.context.web.ServletTestExecutionListener@55304d66, org.springframework.test.context.support.DirtiesContextBeforeModesTestExecutionListener@789ae529, org.springframework.boot.test.autoconfigure.SpringBootDependencyInjectionTestExecutionListener@47b1f809, org.springframework.test.context.support.DirtiesContextTestExecutionListener@64d20af9, org.springframework.test.context.transaction.TransactionalTestExecutionListener@33de3078, org.springframework.test.context.jdbc.SqlScriptsTestExecutionListener@1cc23887, org.springframework.boot.test.autoconfigure.restdocs.RestDocsTestExecutionListener@547bfaa6, org.springframework.boot.test.autoconfigure.web.servlet.MockMvcPrintOnlyOnFailureTestExecutionListener@208aa712, org.springframework.boot.test.autoconfigure.web.servlet.WebDriverTestExecutionListener@62951e8b, org.springframework.boot.test.mock.mockito.MockitoTestExecutionListener@6f9e045e, org.springframework.boot.test.autoconfigure.web.client.MockRestServiceServerResetTestExecutionListener@643b7dc1, org.springframework.boot.test.mock.mockito.ResetMocksTestExecutionListener@117ce463]
]]></system-out>
  <system-err><![CDATA[]]></system-err>
</testsuite>
