<?xml version="1.0" encoding="UTF-8"?>
<testsuite name="co.ceiba.parqueadero.repository.VehiculoRepositoryImplTest" tests="7" skipped="0" failures="0" errors="0" timestamp="2018-01-11T21:21:03" hostname="DANIEL-CORREA" time="0.11">
  <properties/>
  <testcase name="test1ObtenerTodos" classname="co.ceiba.parqueadero.repository.VehiculoRepositoryImplTest" time="0.014"/>
  <testcase name="test2InsertarCarro" classname="co.ceiba.parqueadero.repository.VehiculoRepositoryImplTest" time="0.012"/>
  <testcase name="test3InsertarMoto" classname="co.ceiba.parqueadero.repository.VehiculoRepositoryImplTest" time="0.015"/>
  <testcase name="test4EliminarMoto" classname="co.ceiba.parqueadero.repository.VehiculoRepositoryImplTest" time="0.019"/>
  <testcase name="test5EliminarCarro" classname="co.ceiba.parqueadero.repository.VehiculoRepositoryImplTest" time="0.018"/>
  <testcase name="test6ObtenerCarros" classname="co.ceiba.parqueadero.repository.VehiculoRepositoryImplTest" time="0.011"/>
  <testcase name="test7ObtenerMotos" classname="co.ceiba.parqueadero.repository.VehiculoRepositoryImplTest" time="0.013"/>
  <system-out><![CDATA[2018-01-11 16:21:03.058  INFO 10020 --- [    Test worker] .b.t.c.SpringBootTestContextBootstrapper : Neither @ContextConfiguration nor @ContextHierarchy found for test class [co.ceiba.parqueadero.repository.VehiculoRepositoryImplTest], using SpringBootContextLoader
2018-01-11 16:21:03.059  INFO 10020 --- [    Test worker] o.s.t.c.support.AbstractContextLoader    : Could not detect default resource locations for test class [co.ceiba.parqueadero.repository.VehiculoRepositoryImplTest]: no resource found for suffixes {-context.xml, Context.groovy}.
2018-01-11 16:21:03.060  INFO 10020 --- [    Test worker] t.c.s.AnnotationConfigContextLoaderUtils : Could not detect default configuration classes for test class [co.ceiba.parqueadero.repository.VehiculoRepositoryImplTest]: VehiculoRepositoryImplTest does not declare any static, non-private, non-final, nested classes annotated with @Configuration.
2018-01-11 16:21:03.066  INFO 10020 --- [    Test worker] .b.t.c.SpringBootTestContextBootstrapper : Found @SpringBootConfiguration co.ceiba.parqueadero.ParqueaderoApplication for test class co.ceiba.parqueadero.repository.VehiculoRepositoryImplTest
2018-01-11 16:21:03.072  INFO 10020 --- [    Test worker] .b.t.c.SpringBootTestContextBootstrapper : Loaded default TestExecutionListener class names from location [META-INF/spring.factories]: [org.springframework.boot.test.mock.mockito.MockitoTestExecutionListener, org.springframework.boot.test.mock.mockito.ResetMocksTestExecutionListener, org.springframework.boot.test.autoconfigure.restdocs.RestDocsTestExecutionListener, org.springframework.boot.test.autoconfigure.web.client.MockRestServiceServerResetTestExecutionListener, org.springframework.boot.test.autoconfigure.web.servlet.MockMvcPrintOnlyOnFailureTestExecutionListener, org.springframework.boot.test.autoconfigure.web.servlet.WebDriverTestExecutionListener, org.springframework.test.context.web.ServletTestExecutionListener, org.springframework.test.context.support.DirtiesContextBeforeModesTestExecutionListener, org.springframework.test.context.support.DependencyInjectionTestExecutionListener, org.springframework.test.context.support.DirtiesContextTestExecutionListener, org.springframework.test.context.transaction.TransactionalTestExecutionListener, org.springframework.test.context.jdbc.SqlScriptsTestExecutionListener]
2018-01-11 16:21:03.077  INFO 10020 --- [    Test worker] .b.t.c.SpringBootTestContextBootstrapper : Using TestExecutionListeners: [org.springframework.test.context.web.ServletTestExecutionListener@62418203, org.springframework.test.context.support.DirtiesContextBeforeModesTestExecutionListener@5032fc7, org.springframework.boot.test.autoconfigure.SpringBootDependencyInjectionTestExecutionListener@fd51538, org.springframework.test.context.support.DirtiesContextTestExecutionListener@3518dfc9, org.springframework.test.context.transaction.TransactionalTestExecutionListener@5b2712f3, org.springframework.test.context.jdbc.SqlScriptsTestExecutionListener@47467347, org.springframework.boot.test.autoconfigure.web.client.MockRestServiceServerResetTestExecutionListener@609dd242, org.springframework.boot.test.mock.mockito.MockitoTestExecutionListener@1388bf0f, org.springframework.boot.test.mock.mockito.ResetMocksTestExecutionListener@705b8707, org.springframework.boot.test.autoconfigure.web.servlet.WebDriverTestExecutionListener@4f31e00, org.springframework.boot.test.autoconfigure.web.servlet.MockMvcPrintOnlyOnFailureTestExecutionListener@af2d31e, org.springframework.boot.test.autoconfigure.restdocs.RestDocsTestExecutionListener@5cd46588]
Hibernate: select vehiculo0_.placa as placa2_1_, vehiculo0_.vehiculo_tipo as vehiculo1_1_, vehiculo0_.cilindraje as cilindra3_1_ from vehiculo vehiculo0_
Hibernate: insert into vehiculo (vehiculo_tipo, placa) values ('2', ?)
Hibernate: insert into vehiculo (cilindraje, vehiculo_tipo, placa) values (?, '1', ?)
2018-01-11 16:21:03.134  WARN 10020 --- [    Test worker] o.h.hql.internal.ast.HqlSqlWalker        : [DEPRECATION] Encountered positional parameter near line 1, column 68 in HQL: [FROM co.ceiba.parqueadero.modelo.Vehiculo as veh WHERE veh.placa = ?].  Positional parameter are considered deprecated; use named parameters or JPA-style positional parameters instead.
Hibernate: select vehiculo0_.placa as placa2_1_, vehiculo0_.vehiculo_tipo as vehiculo1_1_, vehiculo0_.cilindraje as cilindra3_1_ from vehiculo vehiculo0_ where vehiculo0_.placa=?
Hibernate: delete from vehiculo where placa=?
Hibernate: select vehiculo0_.placa as placa2_1_, vehiculo0_.vehiculo_tipo as vehiculo1_1_, vehiculo0_.cilindraje as cilindra3_1_ from vehiculo vehiculo0_ where vehiculo0_.placa=?
Hibernate: delete from vehiculo where placa=?
Hibernate: select vehiculo0_.placa as placa2_1_, vehiculo0_.vehiculo_tipo as vehiculo1_1_, vehiculo0_.cilindraje as cilindra3_1_ from vehiculo vehiculo0_ where vehiculo0_.cilindraje is null
Hibernate: select vehiculo0_.placa as placa2_1_, vehiculo0_.vehiculo_tipo as vehiculo1_1_, vehiculo0_.cilindraje as cilindra3_1_ from vehiculo vehiculo0_ where vehiculo0_.cilindraje is not null
]]></system-out>
  <system-err><![CDATA[]]></system-err>
</testsuite>
