<?xml version="1.0" encoding="UTF-8"?>
<testsuite name="co.ceiba.parqueadero.repository.ParqueaderoRepositoryImplTest" tests="7" skipped="0" failures="0" errors="0" timestamp="2018-01-22T13:50:06" hostname="DANIEL-CORREA" time="0.07">
  <properties/>
  <testcase name="testInsertarFallido" classname="co.ceiba.parqueadero.repository.ParqueaderoRepositoryImplTest" time="0.012"/>
  <testcase name="test4Actualizar" classname="co.ceiba.parqueadero.repository.ParqueaderoRepositoryImplTest" time="0.008"/>
  <testcase name="testObtenerMotos" classname="co.ceiba.parqueadero.repository.ParqueaderoRepositoryImplTest" time="0.006"/>
  <testcase name="testObtenerPorVehiculoSinSalir" classname="co.ceiba.parqueadero.repository.ParqueaderoRepositoryImplTest" time="0.009"/>
  <testcase name="testObtenerVehiculos" classname="co.ceiba.parqueadero.repository.ParqueaderoRepositoryImplTest" time="0.008"/>
  <testcase name="testInsertar" classname="co.ceiba.parqueadero.repository.ParqueaderoRepositoryImplTest" time="0.008"/>
  <testcase name="testObtenerCarros" classname="co.ceiba.parqueadero.repository.ParqueaderoRepositoryImplTest" time="0.008"/>
  <system-out><![CDATA[2018-01-22 08:50:06.170  INFO 3768 --- [    Test worker] .b.t.c.SpringBootTestContextBootstrapper : Neither @ContextConfiguration nor @ContextHierarchy found for test class [co.ceiba.parqueadero.repository.ParqueaderoRepositoryImplTest], using SpringBootContextLoader
2018-01-22 08:50:06.174  INFO 3768 --- [    Test worker] o.s.t.c.support.AbstractContextLoader    : Could not detect default resource locations for test class [co.ceiba.parqueadero.repository.ParqueaderoRepositoryImplTest]: no resource found for suffixes {-context.xml, Context.groovy}.
2018-01-22 08:50:06.176  INFO 3768 --- [    Test worker] t.c.s.AnnotationConfigContextLoaderUtils : Could not detect default configuration classes for test class [co.ceiba.parqueadero.repository.ParqueaderoRepositoryImplTest]: ParqueaderoRepositoryImplTest does not declare any static, non-private, non-final, nested classes annotated with @Configuration.
2018-01-22 08:50:06.251  INFO 3768 --- [    Test worker] .b.t.c.SpringBootTestContextBootstrapper : Found @SpringBootConfiguration co.ceiba.parqueadero.ParqueaderoApplication for test class co.ceiba.parqueadero.repository.ParqueaderoRepositoryImplTest
2018-01-22 08:50:06.265  INFO 3768 --- [    Test worker] .b.t.c.SpringBootTestContextBootstrapper : Loaded default TestExecutionListener class names from location [META-INF/spring.factories]: [org.springframework.boot.test.mock.mockito.MockitoTestExecutionListener, org.springframework.boot.test.mock.mockito.ResetMocksTestExecutionListener, org.springframework.boot.test.autoconfigure.restdocs.RestDocsTestExecutionListener, org.springframework.boot.test.autoconfigure.web.client.MockRestServiceServerResetTestExecutionListener, org.springframework.boot.test.autoconfigure.web.servlet.MockMvcPrintOnlyOnFailureTestExecutionListener, org.springframework.boot.test.autoconfigure.web.servlet.WebDriverTestExecutionListener, org.springframework.test.context.web.ServletTestExecutionListener, org.springframework.test.context.support.DirtiesContextBeforeModesTestExecutionListener, org.springframework.test.context.support.DependencyInjectionTestExecutionListener, org.springframework.test.context.support.DirtiesContextTestExecutionListener, org.springframework.test.context.transaction.TransactionalTestExecutionListener, org.springframework.test.context.jdbc.SqlScriptsTestExecutionListener]
2018-01-22 08:50:06.290  INFO 3768 --- [    Test worker] .b.t.c.SpringBootTestContextBootstrapper : Using TestExecutionListeners: [org.springframework.test.context.web.ServletTestExecutionListener@eb35e25, org.springframework.test.context.support.DirtiesContextBeforeModesTestExecutionListener@11d9126a, org.springframework.boot.test.autoconfigure.SpringBootDependencyInjectionTestExecutionListener@38467b5e, org.springframework.test.context.support.DirtiesContextTestExecutionListener@4ec389f8, org.springframework.test.context.transaction.TransactionalTestExecutionListener@5a15b473, org.springframework.test.context.jdbc.SqlScriptsTestExecutionListener@386a719, org.springframework.boot.test.autoconfigure.restdocs.RestDocsTestExecutionListener@891b0bc, org.springframework.boot.test.autoconfigure.web.servlet.MockMvcPrintOnlyOnFailureTestExecutionListener@5a4f641f, org.springframework.boot.test.autoconfigure.web.servlet.WebDriverTestExecutionListener@2d8ee509, org.springframework.boot.test.mock.mockito.MockitoTestExecutionListener@1b0621ce, org.springframework.boot.test.autoconfigure.web.client.MockRestServiceServerResetTestExecutionListener@1e177642, org.springframework.boot.test.mock.mockito.ResetMocksTestExecutionListener@3fd99603]
]]></system-out>
  <system-err><![CDATA[]]></system-err>
</testsuite>
